# JRE version: OpenJDK Runtime Environment Temurin-21.0.6+7 (21.0.6+7) (build 21.0.6+7-LTS)
# Java VM: OpenJDK 64-Bit Server VM Temurin-21.0.6+7 (21.0.6+7-LTS, mixed mode, sharing, tiered, compressed oops, compressed class ptrs, g1 gc, windows-amd64)
GC Precious Log:
 CardTable entry size: 512
 Card Set container configuration: InlinePtr #cards 4 size 8 Array Of Cards #cards 16 size 48 Howl #buckets 8 coarsen threshold 3686 Howl Bitmap #cards 512 size 80 coarsen threshold 460 Card regions per heap region 1 cards per card region 4096
 CPUs: 12 total, 12 available
 Memory: 16215M
 Large Page Support: Disabled
 NUMA Support: Disabled
 Compressed Oops: Enabled (Zero based)
 Heap Region Size: 2M
 Heap Min Capacity: 8M
 Heap Initial Capacity: 254M
 Heap Max Capacity: 4054M
 Pre-touch: Disabled
 Parallel Workers: 10
 Concurrent Workers: 3
 Concurrent Refinement Workers: 10
 Periodic GC: Disabled
Heap:
 garbage-first heap   total 155648K, used 94811K [0x0000000702a00000, 0x0000000800000000)
  region size 2048K, 38 young (77824K), 2 survivors (4096K)
 Metaspace       used 70770K, committed 71424K, reserved 1114112K
  class space    used 9427K, committed 9728K, reserved 1048576K
GC Heap History (20 events):
Event: 4.553 GC heap before
{Heap before GC invocations=4 (full 0):
 garbage-first heap   total 49152K, used 35661K [0x0000000702a00000, 0x0000000800000000)
  region size 2048K, 14 young (28672K), 3 survivors (6144K)
 Metaspace       used 23310K, committed 23680K, reserved 1114112K
  class space    used 2846K, committed 3008K, reserved 1048576K
}
Event: 4.559 GC heap after
{Heap after GC invocations=5 (full 0):
 garbage-first heap   total 49152K, used 14955K [0x0000000702a00000, 0x0000000800000000)
  region size 2048K, 1 young (2048K), 1 survivors (2048K)
 Metaspace       used 23310K, committed 23680K, reserved 1114112K
  class space    used 2846K, committed 3008K, reserved 1048576K
}
Event: 5.442 GC heap before
{Heap before GC invocations=5 (full 0):
 garbage-first heap   total 49152K, used 35435K [0x0000000702a00000, 0x0000000800000000)
  region size 2048K, 11 young (22528K), 1 survivors (2048K)
 Metaspace       used 26327K, committed 26752K, reserved 1114112K
  class space    used 3294K, committed 3456K, reserved 1048576K
}
Event: 5.454 GC heap after
{Heap after GC invocations=6 (full 0):
 garbage-first heap   total 49152K, used 16598K [0x0000000702a00000, 0x0000000800000000)
  region size 2048K, 2 young (4096K), 2 survivors (4096K)
 Metaspace       used 26327K, committed 26752K, reserved 1114112K
  class space    used 3294K, committed 3456K, reserved 1048576K
}
Event: 6.528 GC heap before
{Heap before GC invocations=6 (full 0):
 garbage-first heap   total 49152K, used 35030K [0x0000000702a00000, 0x0000000800000000)
  region size 2048K, 12 young (24576K), 2 survivors (4096K)
 Metaspace       used 29778K, committed 30208K, reserved 1114112K
  class space    used 3739K, committed 3904K, reserved 1048576K
}
Event: 6.532 GC heap after
{Heap after GC invocations=7 (full 0):
 garbage-first heap   total 49152K, used 18537K [0x0000000702a00000, 0x0000000800000000)
  region size 2048K, 2 young (4096K), 2 survivors (4096K)
 Metaspace       used 29778K, committed 30208K, reserved 1114112K
  class space    used 3739K, committed 3904K, reserved 1048576K
}
Event: 7.150 GC heap before
{Heap before GC invocations=7 (full 0):
 garbage-first heap   total 49152K, used 36969K [0x0000000702a00000, 0x0000000800000000)
  region size 2048K, 11 young (22528K), 2 survivors (4096K)
 Metaspace       used 33656K, committed 34176K, reserved 1114112K
  class space    used 4211K, committed 4480K, reserved 1048576K
}
Event: 7.154 GC heap after
{Heap after GC invocations=8 (full 0):
 garbage-first heap   total 49152K, used 20546K [0x0000000702a00000, 0x0000000800000000)
  region size 2048K, 2 young (4096K), 2 survivors (4096K)
 Metaspace       used 33656K, committed 34176K, reserved 1114112K
  class space    used 4211K, committed 4480K, reserved 1048576K
}
Event: 7.413 GC heap before
{Heap before GC invocations=8 (full 0):
 garbage-first heap   total 49152K, used 20546K [0x0000000702a00000, 0x0000000800000000)
  region size 2048K, 3 young (6144K), 2 survivors (4096K)
 Metaspace       used 35573K, committed 35968K, reserved 1114112K
  class space    used 4435K, committed 4608K, reserved 1048576K
}
Event: 7.419 GC heap after
{Heap after GC invocations=9 (full 0):
 garbage-first heap   total 49152K, used 20985K [0x0000000702a00000, 0x0000000800000000)
  region size 2048K, 2 young (4096K), 2 survivors (4096K)
 Metaspace       used 35573K, committed 35968K, reserved 1114112K
  class space    used 4435K, committed 4608K, reserved 1048576K
}
Event: 8.604 GC heap before
{Heap before GC invocations=10 (full 0):
 garbage-first heap   total 49152K, used 35321K [0x0000000702a00000, 0x0000000800000000)
  region size 2048K, 9 young (18432K), 2 survivors (4096K)
 Metaspace       used 40504K, committed 40960K, reserved 1114112K
  class space    used 5046K, committed 5248K, reserved 1048576K
}
Event: 8.607 GC heap after
{Heap after GC invocations=11 (full 0):
 garbage-first heap   total 49152K, used 22193K [0x0000000702a00000, 0x0000000800000000)
  region size 2048K, 1 young (2048K), 1 survivors (2048K)
 Metaspace       used 40504K, committed 40960K, reserved 1114112K
  class space    used 5046K, committed 5248K, reserved 1048576K
}
Event: 9.323 GC heap before
{Heap before GC invocations=11 (full 0):
 garbage-first heap   total 49152K, used 40625K [0x0000000702a00000, 0x0000000800000000)
  region size 2048K, 10 young (20480K), 1 survivors (2048K)
 Metaspace       used 45235K, committed 45760K, reserved 1114112K
  class space    used 5825K, committed 6080K, reserved 1048576K
}
Event: 9.328 GC heap after
{Heap after GC invocations=12 (full 0):
 garbage-first heap   total 49152K, used 22574K [0x0000000702a00000, 0x0000000800000000)
  region size 2048K, 2 young (4096K), 2 survivors (4096K)
 Metaspace       used 45235K, committed 45760K, reserved 1114112K
  class space    used 5825K, committed 6080K, reserved 1048576K
}
Event: 9.850 GC heap before
{Heap before GC invocations=12 (full 0):
 garbage-first heap   total 49152K, used 38958K [0x0000000702a00000, 0x0000000800000000)
  region size 2048K, 10 young (20480K), 2 survivors (4096K)
 Metaspace       used 49305K, committed 49792K, reserved 1114112K
  class space    used 6365K, committed 6592K, reserved 1048576K
}
Event: 9.854 GC heap after
{Heap after GC invocations=13 (full 0):
 garbage-first heap   total 49152K, used 23638K [0x0000000702a00000, 0x0000000800000000)
  region size 2048K, 1 young (2048K), 1 survivors (2048K)
 Metaspace       used 49305K, committed 49792K, reserved 1114112K
  class space    used 6365K, committed 6592K, reserved 1048576K
}
Event: 10.662 GC heap before
{Heap before GC invocations=13 (full 0):
 garbage-first heap   total 49152K, used 42070K [0x0000000702a00000, 0x0000000800000000)
  region size 2048K, 10 young (20480K), 1 survivors (2048K)
 Metaspace       used 55717K, committed 56192K, reserved 1114112K
  class space    used 7347K, committed 7552K, reserved 1048576K
}
Event: 10.670 GC heap after
{Heap after GC invocations=14 (full 0):
 garbage-first heap   total 49152K, used 24555K [0x0000000702a00000, 0x0000000800000000)
  region size 2048K, 2 young (4096K), 2 survivors (4096K)
 Metaspace       used 55717K, committed 56192K, reserved 1114112K
  class space    used 7347K, committed 7552K, reserved 1048576K
}
Event: 11.634 GC heap before
{Heap before GC invocations=15 (full 0):
 garbage-first heap   total 49152K, used 36843K [0x0000000702a00000, 0x0000000800000000)
  region size 2048K, 9 young (18432K), 2 survivors (4096K)
 Metaspace       used 59282K, committed 59840K, reserved 1114112K
  class space    used 7937K, committed 8192K, reserved 1048576K
}
Event: 11.640 GC heap after
{Heap after GC invocations=16 (full 0):
 garbage-first heap   total 155648K, used 25179K [0x0000000702a00000, 0x0000000800000000)
  region size 2048K, 2 young (4096K), 2 survivors (4096K)
 Metaspace       used 59282K, committed 59840K, reserved 1114112K
  class space    used 7937K, committed 8192K, reserved 1048576K
}

